
        Time: 2024-10-17T10:48:58.519Z
        Method: POST
        URL: /api/login/handle/request?step=1
        Headers: {"content-type":"application/json","user-agent":"PostmanRuntime/7.42.0","accept":"*/*","postman-token":"12808170-abad-4010-bfd3-a859c0d149f7","host":"localhost:3000","accept-encoding":"gzip, deflate, br","connection":"keep-alive","content-length":"68"}
        Body: undefined
        Query: {"step":"1"}
    

        Time: 2024-10-17T10:50:56.691Z
        Method: POST
        URL: /api/login/handle/request?step=1
        Headers: {"content-type":"application/json","user-agent":"PostmanRuntime/7.42.0","accept":"*/*","postman-token":"947f9004-1330-491b-a8c2-8a04cf7cc7af","host":"localhost:3000","accept-encoding":"gzip, deflate, br","connection":"keep-alive","content-length":"68"}
        Body: {"email":"aashiradnan@gmail.com","role":"Student"}
        Query: {"step":"1"}
    

        Time: 2024-10-17T10:51:42.025Z
        Method: POST
        URL: /api/login/handle/request?step=1
        Headers: {"content-type":"application/json","user-agent":"PostmanRuntime/7.42.0","accept":"*/*","postman-token":"401c95b6-3a90-4a86-9048-e1e0afaee580","host":"localhost:3000","accept-encoding":"gzip, deflate, br","connection":"keep-alive","content-length":"68"}
        Body: {"email":"aashiradnan@gmail.com","role":"Student"}
        Query: {"step":"1"}
    

        Time: 2024-10-17T10:52:18.987Z
        Method: POST
        URL: /api/login/handle/request?step=1
        Headers: {"content-type":"application/json","user-agent":"PostmanRuntime/7.42.0","accept":"*/*","postman-token":"ae20d248-0cb9-4475-86ac-43e1465ed7ea","host":"localhost:3000","accept-encoding":"gzip, deflate, br","connection":"keep-alive","content-length":"68"}
        Body: {"email":"aashiradnan@gmail.com","role":"Student"}
        Query: {"step":"1"}
    

        Time: 2024-10-17T10:52:41.525Z
        Method: POST
        URL: /api/login/handle/request?step=1
        Headers: {"content-type":"application/json","user-agent":"PostmanRuntime/7.42.0","accept":"*/*","postman-token":"63aab04f-8697-484d-87a8-06ca998ac41b","host":"localhost:3000","accept-encoding":"gzip, deflate, br","connection":"keep-alive","content-length":"68"}
        Body: {"email":"aashiradnan@gmail.com","role":"Student"}
        Query: {"step":"1"}
    

        Time: 2024-10-17T10:53:11.763Z
        Method: POST
        URL: /api/login/handle/request?step=1
        Headers: {"content-type":"application/json","user-agent":"PostmanRuntime/7.42.0","accept":"*/*","postman-token":"4671151d-7575-41e5-95db-b62c995323fb","host":"localhost:3000","accept-encoding":"gzip, deflate, br","connection":"keep-alive","content-length":"68"}
        Body: {"email":"aashiradnan@gmail.com","role":"Student"}
        Query: {"step":"1"}
    

        Time: 2024-10-17T10:53:47.267Z
        Method: POST
        URL: /api/login/handle/request?step=1
        Headers: {"content-type":"application/json","user-agent":"PostmanRuntime/7.42.0","accept":"*/*","postman-token":"f57b4044-92e9-4c7a-957c-71abe6f89a95","host":"localhost:3000","accept-encoding":"gzip, deflate, br","connection":"keep-alive","content-length":"68"}
        Body: {"email":"aashiradnan@gmail.com","role":"Student"}
        Query: {"step":"1"}
    

        Time: 2024-10-17T10:54:06.553Z
        Method: POST
        URL: /api/login/handle/request?step=1
        Headers: {"content-type":"application/json","user-agent":"PostmanRuntime/7.42.0","accept":"*/*","postman-token":"eb27aeab-0635-4918-9c2a-04b302978e4a","host":"localhost:3000","accept-encoding":"gzip, deflate, br","connection":"keep-alive","content-length":"68"}
        Body: {"email":"aashiradnan@gmail.com","role":"Student"}
        Query: {"step":"1"}
    

        Time: 2024-10-17T10:54:34.458Z
        Method: POST
        URL: /api/login/handle/request?step=1
        Headers: {"content-type":"application/json","user-agent":"PostmanRuntime/7.42.0","accept":"*/*","postman-token":"8dd5a9c1-905b-4bee-8879-760b85c1e20d","host":"localhost:3000","accept-encoding":"gzip, deflate, br","connection":"keep-alive","content-length":"68"}
        Body: {"email":"aashiradnan@gmail.com","role":"Student"}
        Query: {"step":"1"}
    

        Time: 2024-10-17T10:55:37.891Z
        Method: POST
        URL: /api/login/handle/request?step=1
        Headers: {"content-type":"application/json","user-agent":"PostmanRuntime/7.42.0","accept":"*/*","postman-token":"4ac96b0a-44ac-4c7a-9190-998dc646291e","host":"localhost:3000","accept-encoding":"gzip, deflate, br","connection":"keep-alive","content-length":"68"}
        Body: {"email":"aashiradnan@gmail.com","role":"Student"}
        Query: {"step":"1"}
    

        Time: 2024-10-17T10:59:14.466Z
        Method: POST
        URL: /api/login/handle/request?step=1
        Headers: {"content-type":"application/json","user-agent":"PostmanRuntime/7.42.0","accept":"*/*","postman-token":"1904ac4f-4c55-440a-84b3-f918f3a00c6b","host":"localhost:3000","accept-encoding":"gzip, deflate, br","connection":"keep-alive","content-length":"68"}
        Body: {"email":"aashiradnan@gmail.com","role":"Student"}
        Query: {"step":"1"}
    

        Time: 2024-10-17T10:59:39.762Z
        Method: POST
        URL: /api/login/handle/request?step=1
        Headers: {"content-type":"application/json","user-agent":"PostmanRuntime/7.42.0","accept":"*/*","postman-token":"743bb525-accc-404a-93de-e91d25dd0566","host":"localhost:3000","accept-encoding":"gzip, deflate, br","connection":"keep-alive","content-length":"68"}
        Body: {"email":"aashiradnan@gmail.com","role":"Student"}
        Query: {"step":"1"}
    

        Time: 2024-10-17T10:59:56.688Z
        Method: POST
        URL: /api/login/handle/request?step=1
        Headers: {"content-type":"application/json","user-agent":"PostmanRuntime/7.42.0","accept":"*/*","postman-token":"11923daf-02ec-432b-a19b-0891aa4d5cfb","host":"localhost:3000","accept-encoding":"gzip, deflate, br","connection":"keep-alive","content-length":"68"}
        Body: {"email":"aashiradnan@gmail.com","role":"Student"}
        Query: {"step":"1"}
    

        Time: 2024-10-17T11:01:39.633Z
        Method: POST
        URL: /api/login/handle/request?step=1
        Headers: {"content-type":"application/json","user-agent":"PostmanRuntime/7.42.0","accept":"*/*","postman-token":"9c680756-6f67-4a54-af6d-80b7088db681","host":"localhost:3000","accept-encoding":"gzip, deflate, br","connection":"keep-alive","content-length":"68"}
        Body: {"email":"aashiradnan@gmail.com","role":"Student"}
        Query: {"step":"1"}
    

        Time: 2024-10-17T11:01:52.137Z
        Method: POST
        URL: /api/login/handle/request?step=1
        Headers: {"content-type":"application/json","user-agent":"PostmanRuntime/7.42.0","accept":"*/*","postman-token":"a365ad4b-498b-4748-b0f6-1d2343b25891","host":"localhost:3000","accept-encoding":"gzip, deflate, br","connection":"keep-alive","content-length":"68"}
        Body: {"email":"aashiradnan@gmail.com","role":"Student"}
        Query: {"step":"1"}
    

        Time: 2024-10-17T11:02:42.883Z
        Method: POST
        URL: /api/login/handle/request?step=1
        Headers: {"content-type":"application/json","user-agent":"PostmanRuntime/7.42.0","accept":"*/*","postman-token":"e741ff70-1813-4e38-8c3b-d2f39f78aee8","host":"localhost:3000","accept-encoding":"gzip, deflate, br","connection":"keep-alive","content-length":"68"}
        Body: {"email":"aashiradnan@gmail.com","role":"Student"}
        Query: {"step":"1"}
    

        Time: 2024-10-17T11:02:55.402Z
        Method: POST
        URL: /api/login/handle/request?step=1
        Headers: {"content-type":"application/json","user-agent":"PostmanRuntime/7.42.0","accept":"*/*","postman-token":"0162a402-1431-441a-a4a6-4ac595de3d60","host":"localhost:3000","accept-encoding":"gzip, deflate, br","connection":"keep-alive","content-length":"68"}
        Body: {"email":"aashiradnan@gmail.com","role":"Student"}
        Query: {"step":"1"}
    

        Time: 2024-10-17T11:03:10.016Z
        Method: POST
        URL: /api/login/handle/request?step=1
        Headers: {"content-type":"application/json","user-agent":"PostmanRuntime/7.42.0","accept":"*/*","postman-token":"18d18494-b30e-4c01-8c19-7de14c159ee0","host":"localhost:3000","accept-encoding":"gzip, deflate, br","connection":"keep-alive","content-length":"68"}
        Body: {"email":"aashiradnan@gmail.com","role":"Student"}
        Query: {"step":"1"}
    

        Time: 2024-10-22T10:19:43.938Z
        Method: POST
        URL: /api/login/handle/request?step=1
        Headers: {"content-type":"application/json","user-agent":"PostmanRuntime/7.42.0","accept":"*/*","postman-token":"08f55fe5-06b2-424a-97ee-5e164dcbf08b","host":"localhost:3000","accept-encoding":"gzip, deflate, br","connection":"keep-alive","content-length":"68"}
        Body: {"email":"aashiradnan@gmail.com","role":"Student"}
        Query: {"step":"1"}
    

        Time: 2024-10-22T10:20:19.023Z
        Method: POST
        URL: /api/login/handle/request?step=1
        Headers: {"content-type":"application/json","user-agent":"PostmanRuntime/7.42.0","accept":"*/*","postman-token":"a59c4209-3082-4e25-8e83-c3a031797d42","host":"localhost:3000","accept-encoding":"gzip, deflate, br","connection":"keep-alive","content-length":"68"}
        Body: {"email":"aashiradnan@gmail.com","role":"Student"}
        Query: {"step":"1"}
    

        Time: 2024-10-22T10:21:24.158Z
        Method: POST
        URL: /api/login/handle/request?step=1
        Headers: {"content-type":"application/json","user-agent":"PostmanRuntime/7.42.0","accept":"*/*","postman-token":"5dec53ae-15e4-46e8-b295-10b7c875d371","host":"localhost:3000","accept-encoding":"gzip, deflate, br","connection":"keep-alive","content-length":"68"}
        Body: {"email":"aashiradnan@gmail.com","role":"Student"}
        Query: {"step":"1"}
    

        Time: 2024-10-22T10:23:14.618Z
        Method: POST
        URL: /api/login/handle/request?step=1
        Headers: {"content-type":"application/json","user-agent":"PostmanRuntime/7.42.0","accept":"*/*","postman-token":"d8d4e1f6-b7bc-426f-8b92-c051978525fb","host":"localhost:3000","accept-encoding":"gzip, deflate, br","connection":"keep-alive","content-length":"68"}
        Body: {"email":"aashiradnan@gmail.com","role":"Student"}
        Query: {"step":"1"}
    

        Time: 2024-10-24T11:04:37.859Z
        Method: POST
        URL: /api/login/handle/request?step=1
        Headers: {"content-type":"application/json","user-agent":"PostmanRuntime/7.42.0","accept":"*/*","postman-token":"a7c4b8e9-45ce-4f88-97a1-d166889d2c2a","host":"localhost:3000","accept-encoding":"gzip, deflate, br","connection":"keep-alive","content-length":"68"}
        Body: {"email":"aashiradnan@gmail.com","role":"Student"}
        Query: {"step":"1"}
    

        Time: 2024-10-25T13:19:41.258Z
        Method: POST
        URL: /api/login/handle/request/1
        Headers: {"content-type":"application/json","user-agent":"PostmanRuntime/7.42.0","accept":"*/*","postman-token":"70eea45b-172e-4064-87cb-ec84ff43d0c9","host":"localhost:3000","accept-encoding":"gzip, deflate, br","connection":"keep-alive","content-length":"68"}
        Body: {"email":"aashiradnan@gmail.com","role":"Student"}
        Query: {}
    

        Time: 2024-10-25T13:20:29.821Z
        Method: POST
        URL: /api/login/handle/request?step=1
        Headers: {"content-type":"application/json","user-agent":"PostmanRuntime/7.42.0","accept":"*/*","postman-token":"c8aadd8a-ff0e-4b8e-a717-a5eb4882c563","host":"localhost:3000","accept-encoding":"gzip, deflate, br","connection":"keep-alive","content-length":"68"}
        Body: {"email":"aashiradnan@gmail.com","role":"Student"}
        Query: {"step":"1"}
    

        Time: 2024-10-25T13:20:58.413Z
        Method: POST
        URL: /api/login/handle/request?step=1
        Headers: {"content-type":"application/json","user-agent":"PostmanRuntime/7.42.0","accept":"*/*","postman-token":"8ac884da-12f5-4e21-8115-b61e7baa8def","host":"localhost:3000","accept-encoding":"gzip, deflate, br","connection":"keep-alive","content-length":"68"}
        Body: {"email":"aashiradnan@gmail.com","role":"Student"}
        Query: {"step":"1"}
    

        Time: 2024-10-25T13:21:24.816Z
        Method: POST
        URL: /api/login/handle/request?step=1
        Headers: {"content-type":"application/json","user-agent":"PostmanRuntime/7.42.0","accept":"*/*","postman-token":"5e4f27b5-fd06-40ae-a9f5-3eaf20f56486","host":"localhost:3000","accept-encoding":"gzip, deflate, br","connection":"keep-alive","content-length":"68"}
        Body: {"email":"aashiradnan@gmail.com","role":"Student"}
        Query: {"step":"1"}
    

        Time: 2024-10-25T13:21:56.283Z
        Method: POST
        URL: /api/login?step=1
        Headers: {"content-type":"application/json","user-agent":"PostmanRuntime/7.42.0","accept":"*/*","postman-token":"79610671-9832-4eec-9b7e-0056f4ebdc9b","host":"localhost:3000","accept-encoding":"gzip, deflate, br","connection":"keep-alive","content-length":"68"}
        Body: {"email":"aashiradnan@gmail.com","role":"Student"}
        Query: {"step":"1"}
    

        Time: 2024-10-25T13:22:57.286Z
        Method: POST
        URL: /api/login/request?step=1
        Headers: {"content-type":"application/json","user-agent":"PostmanRuntime/7.42.0","accept":"*/*","postman-token":"73e5bee0-2cd9-4333-8724-5e1a625d4cf6","host":"localhost:3000","accept-encoding":"gzip, deflate, br","connection":"keep-alive","content-length":"68"}
        Body: {"email":"aashiradnan@gmail.com","role":"Student"}
        Query: {"step":"1"}
    

        Time: 2024-10-26T12:53:06.456Z
        Method: POST
        URL: /api/login/request
        Headers: {"content-type":"application/json","user-agent":"PostmanRuntime/7.42.0","accept":"*/*","postman-token":"c7ee8997-6fe4-4a53-9ebb-aa8b0d73d7f9","host":"localhost:3000","accept-encoding":"gzip, deflate, br","connection":"keep-alive","content-length":"68"}
        Body: {"email":"aashiradnan@gmail.com","role":"Student"}
        Query: {}
    

        Time: 2024-10-26T12:53:19.152Z
        Method: POST
        URL: /api/subcomponent/add/mark
        Headers: {"content-type":"application/json","user-agent":"PostmanRuntime/7.42.0","accept":"*/*","postman-token":"5da3e899-da96-4034-87d4-7df37e8aad6c","host":"localhost:3000","accept-encoding":"gzip, deflate, br","connection":"keep-alive","content-length":"68"}
        Body: {"email":"aashiradnan@gmail.com","role":"Student"}
        Query: {}
    

        Time: 2024-10-26T12:53:30.275Z
        Method: POST
        URL: /api/login/request
        Headers: {"content-type":"application/json","user-agent":"PostmanRuntime/7.42.0","accept":"*/*","postman-token":"4ceb4a16-8d73-47eb-ab82-a3de309416e0","host":"localhost:3000","accept-encoding":"gzip, deflate, br","connection":"keep-alive","content-length":"68"}
        Body: {"email":"aashiradnan@gmail.com","role":"Student"}
        Query: {}
    

        Time: 2024-10-26T12:54:01.513Z
        Method: POST
        URL: /api/login/request
        Headers: {"content-type":"application/json","user-agent":"PostmanRuntime/7.42.0","accept":"*/*","postman-token":"0c690a7c-db29-4de6-964a-d4097946cc43","host":"localhost:3000","accept-encoding":"gzip, deflate, br","connection":"keep-alive","content-length":"68"}
        Body: {"email":"aashiradnan@gmail.com","role":"Student"}
        Query: {}
    

        Time: 2024-10-26T12:54:17.297Z
        Method: POST
        URL: /api/login/request
        Headers: {"content-type":"application/json","user-agent":"PostmanRuntime/7.42.0","accept":"*/*","postman-token":"c72a57a0-c93e-4bcb-8c17-99c3cd0db066","host":"localhost:3000","accept-encoding":"gzip, deflate, br","connection":"keep-alive","content-length":"68"}
        Body: {"email":"aashiradnan@gmail.com","role":"Student"}
        Query: {}
    

        Time: 2024-10-26T13:45:30.380Z
        Method: POST
        URL: /api/login/request
        Headers: {"content-type":"application/json","user-agent":"PostmanRuntime/7.42.0","accept":"*/*","postman-token":"69a7550f-de7b-4a5d-838f-ce0fff33ae05","host":"localhost:3000","accept-encoding":"gzip, deflate, br","connection":"keep-alive","content-length":"68"}
        Body: {"email":"aashiradnan@gmail.com","role":"Student"}
        Query: {}
    

        Time: 2024-10-26T14:27:36.012Z
        Method: POST
        URL: /api/login/request
        Headers: {"content-type":"application/json","user-agent":"PostmanRuntime/7.42.0","accept":"*/*","postman-token":"57c3b9d0-439b-48cc-82f9-8fda85153780","host":"localhost:3000","accept-encoding":"gzip, deflate, br","connection":"keep-alive","content-length":"87"}
        Body: {"email":"aashiradnan@gmail.com","role":"Student","step":"1"}
        Query: {}
    

        Time: 2024-10-26T14:27:59.987Z
        Method: POST
        URL: /api/login/request
        Headers: {"content-type":"application/json","user-agent":"PostmanRuntime/7.42.0","accept":"*/*","postman-token":"881ed007-a7fd-4da4-b331-98722f289048","host":"localhost:3000","accept-encoding":"gzip, deflate, br","connection":"keep-alive","content-length":"89"}
        Body: {"email":"aashiradnan99@gmail.com","role":"Student","step":"1"}
        Query: {}
    

        Time: 2024-10-26T14:28:30.692Z
        Method: POST
        URL: /api/login/request
        Headers: {"content-type":"application/json","user-agent":"PostmanRuntime/7.42.0","accept":"*/*","postman-token":"b9582df0-4ab5-4e07-a053-ca726d535fbd","host":"localhost:3000","accept-encoding":"gzip, deflate, br","connection":"keep-alive","content-length":"89"}
        Body: {"email":"aashiradnan99@gmail.com","role":"Student","step":"1"}
        Query: {}
    

        Time: 2024-10-26T14:31:40.374Z
        Method: POST
        URL: /api/login/request
        Headers: {"content-type":"application/json","user-agent":"PostmanRuntime/7.42.0","accept":"*/*","postman-token":"cebbe1a7-58d6-44a5-8944-c51540d2fc60","host":"localhost:3000","accept-encoding":"gzip, deflate, br","connection":"keep-alive","content-length":"89"}
        Body: {"email":"aashiradnan99@gmail.com","role":"Student","step":"1"}
        Query: {}
    

        Time: 2024-10-26T14:33:22.027Z
        Method: POST
        URL: /api/login/request
        Headers: {"content-type":"application/json","user-agent":"PostmanRuntime/7.42.0","accept":"*/*","postman-token":"62d6da05-ad69-4bbc-854b-bb6746b8c11e","host":"localhost:3000","accept-encoding":"gzip, deflate, br","connection":"keep-alive","content-length":"89"}
        Body: {"email":"aashiradnan99@gmail.com","role":"Student","step":"1"}
        Query: {}
    

        Time: 2024-10-26T14:33:42.658Z
        Method: POST
        URL: /api/login/request
        Headers: {"content-type":"application/json","user-agent":"PostmanRuntime/7.42.0","accept":"*/*","postman-token":"299a1b1e-451a-45ee-829c-bb51dd309f1d","host":"localhost:3000","accept-encoding":"gzip, deflate, br","connection":"keep-alive","content-length":"89"}
        Body: {"email":"aashiradnan99@gmail.com","role":"Student","step":"1"}
        Query: {}
    

        Time: 2024-10-26T14:34:43.739Z
        Method: POST
        URL: /api/login/request
        Headers: {"content-type":"application/json","user-agent":"PostmanRuntime/7.42.0","accept":"*/*","postman-token":"d510309e-8697-424d-a334-a98384785f5f","host":"localhost:3000","accept-encoding":"gzip, deflate, br","connection":"keep-alive","content-length":"89"}
        Body: {"email":"aashiradnan99@gmail.com","role":"Student","step":"1"}
        Query: {}
    

        Time: 2024-10-26T14:35:09.048Z
        Method: POST
        URL: /api/login/request
        Headers: {"content-type":"application/json","user-agent":"PostmanRuntime/7.42.0","accept":"*/*","postman-token":"83e11b22-1b2e-4c17-8e37-af36c0c20745","host":"localhost:3000","accept-encoding":"gzip, deflate, br","connection":"keep-alive","content-length":"89"}
        Body: {"email":"aashiradnan99@gmail.com","role":"Student","step":"1"}
        Query: {}
    

        Time: 2024-10-26T14:35:23.979Z
        Method: POST
        URL: /api/login/request
        Headers: {"content-type":"application/json","user-agent":"PostmanRuntime/7.42.0","accept":"*/*","postman-token":"4918c705-a0db-45bb-a51b-d9767ddc1c0c","host":"localhost:3000","accept-encoding":"gzip, deflate, br","connection":"keep-alive","content-length":"89"}
        Body: {"email":"aashiradnan99@gmail.com","role":"Student","step":"1"}
        Query: {}
    

        Time: 2024-10-26T14:36:40.032Z
        Method: POST
        URL: /api/login/request
        Headers: {"content-type":"application/json","user-agent":"PostmanRuntime/7.42.0","accept":"*/*","postman-token":"c15d19ca-ed0f-47f9-8e9b-21c7b5bea52b","host":"localhost:3000","accept-encoding":"gzip, deflate, br","connection":"keep-alive","content-length":"89"}
        Body: {"email":"aashiradnan99@gmail.com","role":"Student","step":"1"}
        Query: {}
    

        Time: 2024-10-26T14:37:04.487Z
        Method: POST
        URL: /api/login/request
        Headers: {"content-type":"application/json","user-agent":"PostmanRuntime/7.42.0","accept":"*/*","postman-token":"250979f8-427f-4b7d-99e0-09d9a1900b98","host":"localhost:3000","accept-encoding":"gzip, deflate, br","connection":"keep-alive","content-length":"89"}
        Body: {"email":"aashiradnan99@gmail.com","role":"Student","step":"1"}
        Query: {}
    

        Time: 2024-10-26T14:37:40.711Z
        Method: POST
        URL: /api/login/request
        Headers: {"content-type":"application/json","user-agent":"PostmanRuntime/7.42.0","accept":"*/*","postman-token":"6857ce00-7492-446a-9f0f-0db4c4a79b22","host":"localhost:3000","accept-encoding":"gzip, deflate, br","connection":"keep-alive","content-length":"89"}
        Body: {"email":"aashiradnan99@gmail.com","role":"Student","step":"1"}
        Query: {}
    

        Time: 2024-10-26T14:37:48.473Z
        Method: POST
        URL: /api/login/request
        Headers: {"content-type":"application/json","user-agent":"PostmanRuntime/7.42.0","accept":"*/*","postman-token":"e1df0ccc-090e-4383-9aa8-776174add30c","host":"localhost:3000","accept-encoding":"gzip, deflate, br","connection":"keep-alive","content-length":"89"}
        Body: {"email":"aashiradnan99@gmail.com","role":"Student","step":"1"}
        Query: {}
    

        Time: 2024-10-26T14:54:24.645Z
        Method: POST
        URL: /api/login/request
        Headers: {"content-type":"application/json","user-agent":"PostmanRuntime/7.42.0","accept":"*/*","postman-token":"f5948317-b6d7-467b-af0c-d7ae54280fdc","host":"localhost:3000","accept-encoding":"gzip, deflate, br","connection":"keep-alive","content-length":"89"}
        Body: {"email":"aashiradnan99@gmail.com","role":"Student","step":"1"}
        Query: {}
    

        Time: 2024-10-26T14:54:40.733Z
        Method: POST
        URL: /api/login/request
        Headers: {"content-type":"application/json","user-agent":"PostmanRuntime/7.42.0","accept":"*/*","postman-token":"17fe030e-41d5-45e7-8c1e-5784a92aef12","host":"localhost:3000","accept-encoding":"gzip, deflate, br","connection":"keep-alive","content-length":"89"}
        Body: {"email":"aashiradnan99@gmail.com","role":"Student","step":"1"}
        Query: {}
    

        Time: 2024-10-26T14:54:59.516Z
        Method: POST
        URL: /api/login/request
        Headers: {"content-type":"application/json","user-agent":"PostmanRuntime/7.42.0","accept":"*/*","postman-token":"54a86072-3eac-48ab-9886-fc08702d0133","host":"localhost:3000","accept-encoding":"gzip, deflate, br","connection":"keep-alive","content-length":"89"}
        Body: {"email":"aashiradnan99@gmail.com","role":"Student","step":"1"}
        Query: {}
    

        Time: 2024-10-26T15:49:30.599Z
        Method: POST
        URL: /api/login/request
        Headers: {"content-type":"application/json","user-agent":"PostmanRuntime/7.42.0","accept":"*/*","postman-token":"07a2918a-9873-46c6-9503-68985e1ca756","host":"localhost:3000","accept-encoding":"gzip, deflate, br","connection":"keep-alive","content-length":"89"}
        Body: {"email":"aashiradnan99@gmail.com","role":"Student","step":"1"}
        Query: {}
    

        Time: 2024-10-26T15:50:44.385Z
        Method: POST
        URL: /api/login/request
        Headers: {"content-type":"application/json","user-agent":"PostmanRuntime/7.42.0","accept":"*/*","postman-token":"b77eff7a-a121-4c60-8db8-0f11af490e39","host":"localhost:3000","accept-encoding":"gzip, deflate, br","connection":"keep-alive","content-length":"175"}
        Body: {"email":"aashiradnan99@gmail.com","role":"Student","otp":"q71vaS","currentUrl":"http://localhost:3000/api/login/request","step":"2"}
        Query: {}
    

        Time: 2024-10-26T15:55:04.799Z
        Method: POST
        URL: /api/login/request
        Headers: {"content-type":"application/json","user-agent":"PostmanRuntime/7.42.0","accept":"*/*","postman-token":"97c5a9ec-cad8-4abf-868a-7802ee365a37","host":"localhost:3000","accept-encoding":"gzip, deflate, br","connection":"keep-alive","content-length":"175"}
        Body: {"email":"aashiradnan99@gmail.com","role":"Student","otp":"q71vaS","currentUrl":"http://localhost:3000/api/login/request","step":"2"}
        Query: {}
    

        Time: 2024-10-26T15:55:23.313Z
        Method: POST
        URL: /api/login/request
        Headers: {"content-type":"application/json","user-agent":"PostmanRuntime/7.42.0","accept":"*/*","postman-token":"34de04b9-f2e9-439c-87ea-71e8125dec8f","host":"localhost:3000","accept-encoding":"gzip, deflate, br","connection":"keep-alive","content-length":"175"}
        Body: {"email":"aashiradnan99@gmail.com","role":"Student","otp":"q71vaS","currentUrl":"http://localhost:3000/api/login/request","step":"2"}
        Query: {}
    

        Time: 2024-10-26T15:56:04.147Z
        Method: POST
        URL: /api/login/request
        Headers: {"content-type":"application/json","user-agent":"PostmanRuntime/7.42.0","accept":"*/*","postman-token":"d037a8e4-550f-4638-90b9-6000ef5c552a","host":"localhost:3000","accept-encoding":"gzip, deflate, br","connection":"keep-alive","content-length":"175"}
        Body: {"email":"aashiradnan99@gmail.com","role":"Student","otp":"q71vaS","currentUrl":"http://localhost:3000/api/login/request","step":"2"}
        Query: {}
    

        Time: 2024-10-26T15:56:20.597Z
        Method: POST
        URL: /api/login/request
        Headers: {"content-type":"application/json","user-agent":"PostmanRuntime/7.42.0","accept":"*/*","postman-token":"796cf120-45cf-4189-bbac-14ad77b44b2f","host":"localhost:3000","accept-encoding":"gzip, deflate, br","connection":"keep-alive","content-length":"175"}
        Body: {"email":"aashiradnan99@gmail.com","role":"Student","otp":"q71vaS","currentUrl":"http://localhost:3000/api/login/request","step":"2"}
        Query: {}
    

        Time: 2024-10-26T15:57:24.846Z
        Method: POST
        URL: /api/login/request
        Headers: {"content-type":"application/json","user-agent":"PostmanRuntime/7.42.0","accept":"*/*","postman-token":"5773307e-05ed-41da-bb4b-d65caaab3ce4","host":"localhost:3000","accept-encoding":"gzip, deflate, br","connection":"keep-alive","content-length":"175"}
        Body: {"email":"aashiradnan99@gmail.com","role":"Student","otp":"q71vaS","currentUrl":"http://localhost:3000/api/login/request","step":"2"}
        Query: {}
    

        Time: 2024-10-26T15:58:12.533Z
        Method: POST
        URL: /api/login/request
        Headers: {"content-type":"application/json","user-agent":"PostmanRuntime/7.42.0","accept":"*/*","postman-token":"99d7e8d1-b734-412e-af75-2c849aed8f9e","host":"localhost:3000","accept-encoding":"gzip, deflate, br","connection":"keep-alive","content-length":"175"}
        Body: {"email":"aashiradnan99@gmail.com","role":"Student","otp":"q71vaS","currentUrl":"http://localhost:3000/api/login/request","step":"2"}
        Query: {}
    

        Time: 2024-10-26T15:59:00.767Z
        Method: POST
        URL: /api/login/request
        Headers: {"content-type":"application/json","user-agent":"PostmanRuntime/7.42.0","accept":"*/*","postman-token":"10ac977e-fa79-4a1c-88a0-e1bfbd076406","host":"localhost:3000","accept-encoding":"gzip, deflate, br","connection":"keep-alive","content-length":"175"}
        Body: {"email":"aashiradnan99@gmail.com","role":"Student","otp":"q71vaS","currentUrl":"http://localhost:3000/api/login/request","step":"2"}
        Query: {}
    

        Time: 2024-10-26T15:59:25.931Z
        Method: POST
        URL: /api/login/request
        Headers: {"content-type":"application/json","user-agent":"PostmanRuntime/7.42.0","accept":"*/*","postman-token":"e3d01dc7-c5a8-430b-a4d3-354768cd76b8","host":"localhost:3000","accept-encoding":"gzip, deflate, br","connection":"keep-alive","content-length":"175"}
        Body: {"email":"aashiradnan99@gmail.com","role":"Student","otp":"q71vaS","currentUrl":"http://localhost:3000/api/login/request","step":"2"}
        Query: {}
    

        Time: 2024-10-26T16:00:07.859Z
        Method: POST
        URL: /api/login/request
        Headers: {"content-type":"application/json","user-agent":"PostmanRuntime/7.42.0","accept":"*/*","postman-token":"136b98af-118a-45e0-84db-d0ccadf30102","host":"localhost:3000","accept-encoding":"gzip, deflate, br","connection":"keep-alive","content-length":"175"}
        Body: {"email":"aashiradnan99@gmail.com","role":"Student","otp":"q71vaS","currentUrl":"http://localhost:3000/api/login/request","step":"2"}
        Query: {}
    

        Time: 2024-10-26T16:00:45.715Z
        Method: POST
        URL: /api/login/request
        Headers: {"content-type":"application/json","user-agent":"PostmanRuntime/7.42.0","accept":"*/*","postman-token":"d33a2b9a-9b05-4411-90da-911e1c808358","host":"localhost:3000","accept-encoding":"gzip, deflate, br","connection":"keep-alive","content-length":"175"}
        Body: {"email":"aashiradnan99@gmail.com","role":"Student","otp":"q71vaS","currentUrl":"http://localhost:3000/api/login/request","step":"2"}
        Query: {}
    

        Time: 2024-10-26T16:01:16.204Z
        Method: POST
        URL: /api/login/request
        Headers: {"content-type":"application/json","user-agent":"PostmanRuntime/7.42.0","accept":"*/*","postman-token":"8c945205-ce46-4055-ac11-3f59fb77cf6c","host":"localhost:3000","accept-encoding":"gzip, deflate, br","connection":"keep-alive","content-length":"175"}
        Body: {"email":"aashiradnan99@gmail.com","role":"Student","otp":"q71vaS","currentUrl":"http://localhost:3000/api/login/request","step":"2"}
        Query: {}
    

        Time: 2024-10-26T16:01:42.783Z
        Method: POST
        URL: /api/login/request
        Headers: {"content-type":"application/json","user-agent":"PostmanRuntime/7.42.0","accept":"*/*","postman-token":"c19b3ad7-3c21-40ef-ad16-e70ab1127efe","host":"localhost:3000","accept-encoding":"gzip, deflate, br","connection":"keep-alive","content-length":"175"}
        Body: {"email":"aashiradnan99@gmail.com","role":"Student","otp":"q71vaS","currentUrl":"http://localhost:3000/api/login/request","step":"2"}
        Query: {}
    

        Time: 2024-10-26T16:03:13.559Z
        Method: POST
        URL: /api/login/request
        Headers: {"content-type":"application/json","user-agent":"PostmanRuntime/7.42.0","accept":"*/*","postman-token":"a5446bc0-d498-4606-ae1c-41b1539990d5","host":"localhost:3000","accept-encoding":"gzip, deflate, br","connection":"keep-alive","content-length":"175"}
        Body: {"email":"aashiradnan99@gmail.com","role":"Student","otp":"q71vaS","currentUrl":"http://localhost:3000/api/login/request","step":"2"}
        Query: {}
    

        Time: 2024-10-26T16:03:39.010Z
        Method: POST
        URL: /api/login/request
        Headers: {"content-type":"application/json","user-agent":"PostmanRuntime/7.42.0","accept":"*/*","postman-token":"c76295c5-bbce-4be5-b889-65304ae4191c","host":"localhost:3000","accept-encoding":"gzip, deflate, br","connection":"keep-alive","content-length":"175"}
        Body: {"email":"aashiradnan99@gmail.com","role":"Student","otp":"q71vaS","currentUrl":"http://localhost:3000/api/login/request","step":"2"}
        Query: {}
    

        Time: 2024-10-26T16:04:20.252Z
        Method: POST
        URL: /api/login/request
        Headers: {"content-type":"application/json","user-agent":"PostmanRuntime/7.42.0","accept":"*/*","postman-token":"cedeaec9-9de6-488e-8c6a-378040272cec","host":"localhost:3000","accept-encoding":"gzip, deflate, br","connection":"keep-alive","content-length":"175"}
        Body: {"email":"aashiradnan99@gmail.com","role":"Student","otp":"q71vaS","currentUrl":"http://localhost:3000/api/login/request","step":"2"}
        Query: {}
    

        Time: 2024-10-26T16:07:08.849Z
        Method: POST
        URL: /api/login/request
        Headers: {"content-type":"application/json","user-agent":"PostmanRuntime/7.42.0","accept":"*/*","postman-token":"eccf3d9b-90af-4bd7-9fbd-b2c33a00c37f","host":"localhost:3000","accept-encoding":"gzip, deflate, br","connection":"keep-alive","content-length":"175"}
        Body: {"email":"aashiradnan99@gmail.com","role":"Student","otp":"q71vaS","currentUrl":"http://localhost:3000/api/login/request","step":"2"}
        Query: {}
    

        Time: 2024-10-26T16:11:44.327Z
        Method: POST
        URL: /api/login/request
        Headers: {"content-type":"application/json","user-agent":"PostmanRuntime/7.42.0","accept":"*/*","postman-token":"4eb4de8f-d2a1-419b-ad58-5ef8e293f224","host":"localhost:3000","accept-encoding":"gzip, deflate, br","connection":"keep-alive","content-length":"175"}
        Body: {"email":"aashiradnan99@gmail.com","role":"Student","otp":"q71vaS","currentUrl":"http://localhost:3000/api/login/request","step":"2"}
        Query: {}
    

        Time: 2024-10-26T16:13:00.077Z
        Method: POST
        URL: /api/login/request
        Headers: {"content-type":"application/json","user-agent":"PostmanRuntime/7.42.0","accept":"*/*","postman-token":"e8b4982e-29ca-426d-b2b9-b8ea1abff3e2","host":"localhost:3000","accept-encoding":"gzip, deflate, br","connection":"keep-alive","content-length":"175"}
        Body: {"email":"aashiradnan99@gmail.com","role":"Student","otp":"q71vaS","currentUrl":"http://localhost:3000/api/login/request","step":"2"}
        Query: {}
    

        Time: 2024-10-26T16:13:08.287Z
        Method: POST
        URL: /api/login/request
        Headers: {"content-type":"application/json","user-agent":"PostmanRuntime/7.42.0","accept":"*/*","postman-token":"d78b5ef7-3294-463b-9a2c-d3f38e29ac36","host":"localhost:3000","accept-encoding":"gzip, deflate, br","connection":"keep-alive","content-length":"175"}
        Body: {"email":"aashiradnan99@gmail.com","role":"Student","otp":"q71vaS","currentUrl":"http://localhost:3000/api/login/request","step":"2"}
        Query: {}
    

        Time: 2024-10-26T16:14:06.577Z
        Method: POST
        URL: /api/login/request
        Headers: {"content-type":"application/json","user-agent":"PostmanRuntime/7.42.0","accept":"*/*","postman-token":"cfb02fd6-42b8-406c-9d95-7ef239a990ad","host":"localhost:3000","accept-encoding":"gzip, deflate, br","connection":"keep-alive","content-length":"175"}
        Body: {"email":"aashiradnan99@gmail.com","role":"Student","otp":"q71vaS","currentUrl":"http://localhost:3000/api/login/request","step":"2"}
        Query: {}
    

        Time: 2024-10-26T16:14:36.644Z
        Method: POST
        URL: /api/login/request
        Headers: {"content-type":"application/json","user-agent":"PostmanRuntime/7.42.0","accept":"*/*","postman-token":"4c51c51f-5a2e-4083-8150-30893b620799","host":"localhost:3000","accept-encoding":"gzip, deflate, br","connection":"keep-alive","content-length":"175"}
        Body: {"email":"aashiradnan99@gmail.com","role":"Student","otp":"q71vaS","currentUrl":"http://localhost:3000/api/login/request","step":"2"}
        Query: {}
    

        Time: 2024-10-26T16:15:57.010Z
        Method: POST
        URL: /api/login/request
        Headers: {"content-type":"application/json","user-agent":"PostmanRuntime/7.42.0","accept":"*/*","postman-token":"5ec2fb17-34c9-45c5-8a4c-1e557e91d20d","host":"localhost:3000","accept-encoding":"gzip, deflate, br","connection":"keep-alive","content-length":"175"}
        Body: {"email":"aashiradnan99@gmail.com","role":"Student","otp":"q71vaS","currentUrl":"http://localhost:3000/api/login/request","step":"2"}
        Query: {}
    

        Time: 2024-10-26T16:16:18.895Z
        Method: POST
        URL: /api/login/request
        Headers: {"content-type":"application/json","user-agent":"PostmanRuntime/7.42.0","accept":"*/*","postman-token":"0ea1a5be-45e7-4b1b-82d4-6134cece61b9","host":"localhost:3000","accept-encoding":"gzip, deflate, br","connection":"keep-alive","content-length":"175"}
        Body: {"email":"aashiradnan99@gmail.com","role":"Student","otp":"q71vaS","currentUrl":"http://localhost:3000/api/login/request","step":"2"}
        Query: {}
    

        Time: 2024-10-26T16:18:12.194Z
        Method: POST
        URL: /api/login/request
        Headers: {"content-type":"application/json","user-agent":"PostmanRuntime/7.42.0","accept":"*/*","postman-token":"e9070825-e47d-4be6-845c-5185de711609","host":"localhost:3000","accept-encoding":"gzip, deflate, br","connection":"keep-alive","content-length":"175"}
        Body: {"email":"aashiradnan99@gmail.com","role":"Student","otp":"q71vaS","currentUrl":"http://localhost:3000/api/login/request","step":"2"}
        Query: {}
    

        Time: 2024-10-26T16:18:24.659Z
        Method: POST
        URL: /api/login/request
        Headers: {"content-type":"application/json","user-agent":"PostmanRuntime/7.42.0","accept":"*/*","postman-token":"8467fc11-aba3-47a9-ab04-05925747762f","host":"localhost:3000","accept-encoding":"gzip, deflate, br","connection":"keep-alive","content-length":"175"}
        Body: {"email":"aashiradnan99@gmail.com","role":"Student","otp":"q71vaS","currentUrl":"http://localhost:3000/api/login/request","step":"2"}
        Query: {}
    

        Time: 2024-10-26T16:18:35.921Z
        Method: POST
        URL: /api/login/request
        Headers: {"content-type":"application/json","user-agent":"PostmanRuntime/7.42.0","accept":"*/*","postman-token":"d177f0de-3d00-40ac-b3c0-2bff97f145e4","host":"localhost:3000","accept-encoding":"gzip, deflate, br","connection":"keep-alive","content-length":"175"}
        Body: {"email":"aashiradnan99@gmail.com","role":"Student","otp":"q71vaS","currentUrl":"http://localhost:3000/api/login/request","step":"2"}
        Query: {}
    

        Time: 2024-10-26T16:19:04.462Z
        Method: POST
        URL: /api/login/request
        Headers: {"content-type":"application/json","user-agent":"PostmanRuntime/7.42.0","accept":"*/*","postman-token":"487a95ba-283a-4b2f-b1cd-09189ea83817","host":"localhost:3000","accept-encoding":"gzip, deflate, br","connection":"keep-alive","content-length":"175"}
        Body: {"email":"aashiradnan99@gmail.com","role":"Student","otp":"q71vaS","currentUrl":"http://localhost:3000/api/login/request","step":"2"}
        Query: {}
    

        Time: 2024-10-26T16:19:26.614Z
        Method: POST
        URL: /api/login/request
        Headers: {"content-type":"application/json","user-agent":"PostmanRuntime/7.42.0","accept":"*/*","postman-token":"83596167-f1b3-433c-b9bb-39c8961a52bd","host":"localhost:3000","accept-encoding":"gzip, deflate, br","connection":"keep-alive","content-length":"175"}
        Body: {"email":"aashiradnan99@gmail.com","role":"Student","otp":"q71vaS","currentUrl":"http://localhost:3000/api/login/request","step":"2"}
        Query: {}
    

        Time: 2024-10-26T16:19:49.882Z
        Method: POST
        URL: /api/login/request
        Headers: {"content-type":"application/json","user-agent":"PostmanRuntime/7.42.0","accept":"*/*","postman-token":"5aa3dfb8-7480-4bf4-8c02-aa0d07c81e35","host":"localhost:3000","accept-encoding":"gzip, deflate, br","connection":"keep-alive","content-length":"175"}
        Body: {"email":"aashiradnan99@gmail.com","role":"Student","otp":"q71vaS","currentUrl":"http://localhost:3000/api/login/request","step":"2"}
        Query: {}
    

        Time: 2024-10-26T16:20:07.561Z
        Method: POST
        URL: /api/login/request
        Headers: {"content-type":"application/json","user-agent":"PostmanRuntime/7.42.0","accept":"*/*","postman-token":"8cdc9476-fab3-4025-b9bf-d3dfe06994ba","host":"localhost:3000","accept-encoding":"gzip, deflate, br","connection":"keep-alive","content-length":"175"}
        Body: {"email":"aashiradnan99@gmail.com","role":"Student","otp":"q71vaS","currentUrl":"http://localhost:3000/api/login/request","step":"2"}
        Query: {}
    

        Time: 2024-10-26T16:20:34.425Z
        Method: POST
        URL: /api/login/request
        Headers: {"content-type":"application/json","user-agent":"PostmanRuntime/7.42.0","accept":"*/*","postman-token":"df2d7ea1-b11e-4fa2-b55b-83027c7913ba","host":"localhost:3000","accept-encoding":"gzip, deflate, br","connection":"keep-alive","content-length":"175"}
        Body: {"email":"aashiradnan99@gmail.com","role":"Student","otp":"q71vaS","currentUrl":"http://localhost:3000/api/login/request","step":"2"}
        Query: {}
    

        Time: 2024-10-26T16:20:58.400Z
        Method: POST
        URL: /api/login/request
        Headers: {"content-type":"application/json","user-agent":"PostmanRuntime/7.42.0","accept":"*/*","postman-token":"9b72366d-118b-4dfa-af77-4b4183589722","host":"localhost:3000","accept-encoding":"gzip, deflate, br","connection":"keep-alive","content-length":"175"}
        Body: {"email":"aashiradnan99@gmail.com","role":"Student","otp":"q71vaS","currentUrl":"http://localhost:3000/api/login/request","step":"2"}
        Query: {}
    

        Time: 2024-10-26T16:21:20.999Z
        Method: POST
        URL: /api/login/request
        Headers: {"content-type":"application/json","user-agent":"PostmanRuntime/7.42.0","accept":"*/*","postman-token":"78686d8c-8407-414e-ace1-c92bdb20eba9","host":"localhost:3000","accept-encoding":"gzip, deflate, br","connection":"keep-alive","content-length":"175"}
        Body: {"email":"aashiradnan99@gmail.com","role":"Student","otp":"q71vaS","currentUrl":"http://localhost:3000/api/login/request","step":"2"}
        Query: {}
    

        Time: 2024-10-26T16:23:58.420Z
        Method: POST
        URL: /api/login/request
        Headers: {"content-type":"application/json","user-agent":"PostmanRuntime/7.42.0","accept":"*/*","postman-token":"b4c548d4-2b93-4a3b-bba1-20138779d73b","host":"localhost:3000","accept-encoding":"gzip, deflate, br","connection":"keep-alive","content-length":"175"}
        Body: {"email":"aashiradnan99@gmail.com","role":"Student","otp":"q71vaS","currentUrl":"http://localhost:3000/api/login/request","step":"2"}
        Query: {}
    

        Time: 2024-10-26T16:24:57.243Z
        Method: POST
        URL: /api/login/request
        Headers: {"content-type":"application/json","user-agent":"PostmanRuntime/7.42.0","accept":"*/*","postman-token":"356c2e3c-9d3e-4814-b3f5-0afa2fac5840","host":"localhost:3000","accept-encoding":"gzip, deflate, br","connection":"keep-alive","content-length":"175"}
        Body: {"email":"aashiradnan99@gmail.com","role":"Student","otp":"q71vaS","currentUrl":"http://localhost:3000/api/login/request","step":"2"}
        Query: {}
    

        Time: 2024-10-26T16:25:08.831Z
        Method: POST
        URL: /api/login/request
        Headers: {"content-type":"application/json","user-agent":"PostmanRuntime/7.42.0","accept":"*/*","postman-token":"29268f84-4e32-4350-a52c-3d0d155104e8","host":"localhost:3000","accept-encoding":"gzip, deflate, br","connection":"keep-alive","content-length":"175"}
        Body: {"email":"aashiradnan99@gmail.com","role":"Student","otp":"q71vaS","currentUrl":"http://localhost:3000/api/login/request","step":"2"}
        Query: {}
    

        Time: 2024-10-26T16:25:50.469Z
        Method: POST
        URL: /api/login/request
        Headers: {"content-type":"application/json","user-agent":"PostmanRuntime/7.42.0","accept":"*/*","postman-token":"09e66f8f-d74e-4eb3-8b8e-446459a4dee0","host":"localhost:3000","accept-encoding":"gzip, deflate, br","connection":"keep-alive","content-length":"175"}
        Body: {"email":"aashiradnan99@gmail.com","role":"Student","otp":"q71vaS","currentUrl":"http://localhost:3000/api/login/request","step":"2"}
        Query: {}
    

        Time: 2024-10-26T16:26:23.167Z
        Method: POST
        URL: /api/login/request
        Headers: {"content-type":"application/json","user-agent":"PostmanRuntime/7.42.0","accept":"*/*","postman-token":"aacccf24-c159-4af2-8d76-61494ed9eba3","host":"localhost:3000","accept-encoding":"gzip, deflate, br","connection":"keep-alive","content-length":"175"}
        Body: {"email":"aashiradnan99@gmail.com","role":"Student","otp":"q71vaS","currentUrl":"http://localhost:3000/api/login/request","step":"2"}
        Query: {}
    

        Time: 2024-10-26T16:26:49.737Z
        Method: POST
        URL: /api/login/request
        Headers: {"content-type":"application/json","user-agent":"PostmanRuntime/7.42.0","accept":"*/*","postman-token":"0f315052-e35d-4b85-8a77-0025c4c1ca8b","host":"localhost:3000","accept-encoding":"gzip, deflate, br","connection":"keep-alive","content-length":"175"}
        Body: {"email":"aashiradnan99@gmail.com","role":"Student","otp":"q71vaS","currentUrl":"http://localhost:3000/api/login/request","step":"2"}
        Query: {}
    

        Time: 2024-10-26T16:27:21.881Z
        Method: POST
        URL: /api/login/request
        Headers: {"content-type":"application/json","user-agent":"PostmanRuntime/7.42.0","accept":"*/*","postman-token":"3e691871-dc4a-40d9-a1d4-5dbf0414bdff","host":"localhost:3000","accept-encoding":"gzip, deflate, br","connection":"keep-alive","content-length":"175"}
        Body: {"email":"aashiradnan99@gmail.com","role":"Student","otp":"q71vaS","currentUrl":"http://localhost:3000/api/login/request","step":"2"}
        Query: {}
    

        Time: 2024-10-26T16:27:45.294Z
        Method: POST
        URL: /api/login/request
        Headers: {"content-type":"application/json","user-agent":"PostmanRuntime/7.42.0","accept":"*/*","postman-token":"64485cf6-c95c-4226-8863-fcec1c28f24d","host":"localhost:3000","accept-encoding":"gzip, deflate, br","connection":"keep-alive","content-length":"175"}
        Body: {"email":"aashiradnan99@gmail.com","role":"Student","otp":"q71vaS","currentUrl":"http://localhost:3000/api/login/request","step":"2"}
        Query: {}
    

        Time: 2024-10-26T16:29:34.598Z
        Method: POST
        URL: /api/login/request
        Headers: {"content-type":"application/json","user-agent":"PostmanRuntime/7.42.0","accept":"*/*","postman-token":"fcd4e64d-f47c-4bdb-82f8-afad6e0d8f77","host":"localhost:3000","accept-encoding":"gzip, deflate, br","connection":"keep-alive","content-length":"175"}
        Body: {"email":"aashiradnan99@gmail.com","role":"Student","otp":"q71vaS","currentUrl":"http://localhost:3000/api/login/request","step":"2"}
        Query: {}
    

        Time: 2024-10-26T17:19:51.845Z
        Method: GET
        URL: /api/admin/add
        Headers: {"content-type":"application/json","user-agent":"PostmanRuntime/7.42.0","accept":"*/*","postman-token":"1dda8516-3f57-4e69-8419-7df17fc4411e","host":"localhost:3000","accept-encoding":"gzip, deflate, br","connection":"keep-alive","content-length":"130"}
        Body: {"idObject":{"UserRoleId":"1"},"GraduatingYear":"2026","EmploymentDetail":"Part-Time"}
        Query: {}
    

        Time: 2024-10-26T17:20:50.787Z
        Method: GET
        URL: /api/admin/add
        Headers: {"content-type":"application/json","user-agent":"PostmanRuntime/7.42.0","accept":"*/*","postman-token":"d973fcf4-b066-4cfd-a2a0-d9780ee4a31e","host":"localhost:3000","accept-encoding":"gzip, deflate, br","connection":"keep-alive","content-length":"130"}
        Body: {"idObject":{"UserRoleId":"1"},"GraduatingYear":"2026","EmploymentDetail":"Part-Time"}
        Query: {}
    

        Time: 2024-10-26T17:22:10.635Z
        Method: GET
        URL: /api/admin/add
        Headers: {"content-type":"application/json","user-agent":"PostmanRuntime/7.42.0","accept":"*/*","postman-token":"14130565-d568-4a7f-b1c3-39d2eacc607c","host":"localhost:3000","accept-encoding":"gzip, deflate, br","connection":"keep-alive","content-length":"130"}
        Body: {"idObject":{"UserRoleId":"1"},"GraduatingYear":"2026","EmploymentDetail":"Part-Time"}
        Query: {}
    

        Time: 2024-10-26T17:22:41.398Z
        Method: GET
        URL: /api/admin/add
        Headers: {"content-type":"application/json","user-agent":"PostmanRuntime/7.42.0","accept":"*/*","postman-token":"b44c1eb6-0f93-46b7-bd6e-675a08ae5086","host":"localhost:3000","accept-encoding":"gzip, deflate, br","connection":"keep-alive","content-length":"130"}
        Body: {"idObject":{"UserRoleId":"1"},"GraduatingYear":"2026","EmploymentDetail":"Part-Time"}
        Query: {}
    

        Time: 2024-10-26T17:24:07.272Z
        Method: GET
        URL: /api/admin/add
        Headers: {"content-type":"application/json","user-agent":"PostmanRuntime/7.42.0","accept":"*/*","postman-token":"ece103a5-611d-41ad-a1ee-90acfbdb8c5c","host":"localhost:3000","accept-encoding":"gzip, deflate, br","connection":"keep-alive","content-length":"130"}
        Body: {"idObject":{"UserRoleId":"1"},"GraduatingYear":"2026","EmploymentDetail":"Part-Time"}
        Query: {}
    

        Time: 2024-10-26T17:25:37.808Z
        Method: GET
        URL: /api/admin/add
        Headers: {"content-type":"application/json","user-agent":"PostmanRuntime/7.42.0","accept":"*/*","postman-token":"3b8fc213-f2ec-459d-9d1e-708f018f4111","host":"localhost:3000","accept-encoding":"gzip, deflate, br","connection":"keep-alive","content-length":"130"}
        Body: {"idObject":{"UserRoleId":"1"},"GraduatingYear":"2026","EmploymentDetail":"Part-Time"}
        Query: {}
    

        Time: 2024-10-26T17:32:15.172Z
        Method: GET
        URL: /api/login/request
        Headers: {"content-type":"application/json","user-agent":"PostmanRuntime/7.42.0","accept":"*/*","postman-token":"a535be14-4cd2-4303-912a-a8ca0da79dc1","host":"localhost:3000","accept-encoding":"gzip, deflate, br","connection":"keep-alive","content-length":"130"}
        Body: {"idObject":{"UserRoleId":"1"},"GraduatingYear":"2026","EmploymentDetail":"Part-Time"}
        Query: {}
    

        Time: 2024-10-26T17:32:32.475Z
        Method: GET
        URL: /api/add/admin
        Headers: {"content-type":"application/json","user-agent":"PostmanRuntime/7.42.0","accept":"*/*","postman-token":"f5e576af-f9a9-416e-badd-37bd60287de0","host":"localhost:3000","accept-encoding":"gzip, deflate, br","connection":"keep-alive","content-length":"130"}
        Body: {"idObject":{"UserRoleId":"1"},"GraduatingYear":"2026","EmploymentDetail":"Part-Time"}
        Query: {}
    

        Time: 2024-10-26T17:33:01.811Z
        Method: GET
        URL: /api/add/admin
        Headers: {"content-type":"application/json","user-agent":"PostmanRuntime/7.42.0","accept":"*/*","postman-token":"292c7e9c-933b-44b1-8634-f6b26fffad25","host":"localhost:3000","accept-encoding":"gzip, deflate, br","connection":"keep-alive","content-length":"130"}
        Body: {"idObject":{"UserRoleId":"1"},"GraduatingYear":"2026","EmploymentDetail":"Part-Time"}
        Query: {}
    

        Time: 2024-10-26T17:34:42.730Z
        Method: GET
        URL: /api/add/admin
        Headers: {"content-type":"application/json","user-agent":"PostmanRuntime/7.42.0","accept":"*/*","postman-token":"4b6f5108-f207-4c6b-9a75-b891c8a47bcf","host":"localhost:3000","accept-encoding":"gzip, deflate, br","connection":"keep-alive","content-length":"130"}
        Body: {"idObject":{"UserRoleId":"1"},"GraduatingYear":"2026","EmploymentDetail":"Part-Time"}
        Query: {}
    

        Time: 2024-10-26T17:35:59.707Z
        Method: GET
        URL: /api/add/admin
        Headers: {"content-type":"application/json","user-agent":"PostmanRuntime/7.42.0","accept":"*/*","postman-token":"6e85d7f8-3d50-478d-a8c6-3946433bbe23","host":"localhost:3000","accept-encoding":"gzip, deflate, br","connection":"keep-alive","content-length":"130"}
        Body: {"idObject":{"UserRoleId":"1"},"GraduatingYear":"2026","EmploymentDetail":"Part-Time"}
        Query: {}
    

        Time: 2024-10-26T17:36:35.251Z
        Method: GET
        URL: /api/add/alumni
        Headers: {"content-type":"application/json","user-agent":"PostmanRuntime/7.42.0","accept":"*/*","postman-token":"5158f8f2-31aa-43ef-9f3a-22c74398bbad","host":"localhost:3000","accept-encoding":"gzip, deflate, br","connection":"keep-alive","content-length":"130"}
        Body: {"idObject":{"UserRoleId":"1"},"GraduatingYear":"2026","EmploymentDetail":"Part-Time"}
        Query: {}
    

        Time: 2024-10-26T17:37:01.757Z
        Method: GET
        URL: /api/add/alumni
        Headers: {"content-type":"application/json","user-agent":"PostmanRuntime/7.42.0","accept":"*/*","postman-token":"b17f7cda-9f64-4bc1-888c-61e06ee19722","host":"localhost:3000","accept-encoding":"gzip, deflate, br","connection":"keep-alive","content-length":"130"}
        Body: {"idObject":{"UserRoleId":"1"},"GraduatingYear":"2026","EmploymentDetail":"Part-Time"}
        Query: {}
    

        Time: 2024-10-26T17:39:50.530Z
        Method: GET
        URL: /api/add/alumni
        Headers: {"content-type":"application/json","user-agent":"PostmanRuntime/7.42.0","accept":"*/*","postman-token":"fb645e47-fdac-4452-92a0-7ad9f48d1d70","host":"localhost:3000","accept-encoding":"gzip, deflate, br","connection":"keep-alive","content-length":"130"}
        Body: {"idObject":{"UserRoleId":"1"},"GraduatingYear":"2026","EmploymentDetail":"Part-Time"}
        Query: {}
    

        Time: 2024-10-26T17:41:32.934Z
        Method: GET
        URL: /api/add/alumni
        Headers: {"content-type":"application/json","user-agent":"PostmanRuntime/7.42.0","accept":"*/*","postman-token":"ba727721-aef3-427e-b9e1-da46fdba3de5","host":"localhost:3000","accept-encoding":"gzip, deflate, br","connection":"keep-alive","content-length":"130"}
        Body: {"idObject":{"UserRoleId":"1"},"GraduatingYear":"2026","EmploymentDetail":"Part-Time"}
        Query: {}
    

        Time: 2024-10-26T17:42:02.568Z
        Method: GET
        URL: /api/add/alumni
        Headers: {"content-type":"application/json","user-agent":"PostmanRuntime/7.42.0","accept":"*/*","postman-token":"ae6ebbad-1fb1-4eb9-b530-a8e7349dc326","host":"localhost:3000","accept-encoding":"gzip, deflate, br","connection":"keep-alive","content-length":"130"}
        Body: {"idObject":{"UserRoleId":"1"},"GraduatingYear":"2026","EmploymentDetail":"Part-Time"}
        Query: {}
    

        Time: 2024-10-26T17:43:37.831Z
        Method: GET
        URL: /api/add/alumni
        Headers: {"content-type":"application/json","user-agent":"PostmanRuntime/7.42.0","accept":"*/*","postman-token":"11e46384-8616-4615-a117-7d0fb26b531b","host":"localhost:3000","accept-encoding":"gzip, deflate, br","connection":"keep-alive","content-length":"130"}
        Body: {"idObject":{"UserRoleId":"1"},"GraduatingYear":"2026","EmploymentDetail":"Part-Time"}
        Query: {}
    

        Time: 2024-10-26T17:44:57.258Z
        Method: GET
        URL: /api/add/alumni
        Headers: {"content-type":"application/json","user-agent":"PostmanRuntime/7.42.0","accept":"*/*","postman-token":"db79b99a-5661-4c7a-923e-e46a2de11773","host":"localhost:3000","accept-encoding":"gzip, deflate, br","connection":"keep-alive","content-length":"130"}
        Body: {"idObject":{"UserRoleId":"1"},"GraduatingYear":"2026","EmploymentDetail":"Part-Time"}
        Query: {}
    

        Time: 2024-10-26T17:45:21.311Z
        Method: GET
        URL: /api/add/alumni
        Headers: {"content-type":"application/json","user-agent":"PostmanRuntime/7.42.0","accept":"*/*","postman-token":"7f597cdd-d60c-4b7d-8e57-de7ec3405041","host":"localhost:3000","accept-encoding":"gzip, deflate, br","connection":"keep-alive","content-length":"130"}
        Body: {"idObject":{"UserRoleId":"1"},"GraduatingYear":"2026","EmploymentDetail":"Part-Time"}
        Query: {}
    

        Time: 2024-10-26T17:47:13.511Z
        Method: GET
        URL: /api/add/alumni
        Headers: {"content-type":"application/json","user-agent":"PostmanRuntime/7.42.0","accept":"*/*","postman-token":"2d37ee75-4564-408e-8226-74e106ef6a20","host":"localhost:3000","accept-encoding":"gzip, deflate, br","connection":"keep-alive","content-length":"130"}
        Body: {"idObject":{"UserRoleId":"1"},"GraduatingYear":"2026","EmploymentDetail":"Part-Time"}
        Query: {}
    

        Time: 2024-10-26T17:48:00.440Z
        Method: GET
        URL: /api/add/alumni
        Headers: {"content-type":"application/json","user-agent":"PostmanRuntime/7.42.0","accept":"*/*","postman-token":"32a40586-8067-4bb7-8e6b-91898af90089","host":"localhost:3000","accept-encoding":"gzip, deflate, br","connection":"keep-alive","content-length":"130"}
        Body: {"idObject":{"UserRoleId":"1"},"GraduatingYear":"2026","EmploymentDetail":"Part-Time"}
        Query: {}
    

        Time: 2024-10-26T17:48:36.833Z
        Method: GET
        URL: /api/add/alumni
        Headers: {"content-type":"application/json","user-agent":"PostmanRuntime/7.42.0","accept":"*/*","postman-token":"defe015e-b574-4de1-8d38-33e087012f19","host":"localhost:3000","accept-encoding":"gzip, deflate, br","connection":"keep-alive","content-length":"130"}
        Body: {"idObject":{"UserRoleId":"1"},"GraduatingYear":"2026","EmploymentDetail":"Part-Time"}
        Query: {}
    

        Time: 2024-10-26T17:49:35.430Z
        Method: GET
        URL: /api/add/alumni
        Headers: {"content-type":"application/json","user-agent":"PostmanRuntime/7.42.0","accept":"*/*","postman-token":"d42ad969-a5fa-424a-9267-f79e87e94fcd","host":"localhost:3000","accept-encoding":"gzip, deflate, br","connection":"keep-alive","content-length":"130"}
        Body: {"idObject":{"UserRoleId":"1"},"GraduatingYear":"2026","EmploymentDetail":"Part-Time"}
        Query: {}
    

        Time: 2024-10-26T17:49:46.074Z
        Method: GET
        URL: /api/add/alumni
        Headers: {"content-type":"application/json","user-agent":"PostmanRuntime/7.42.0","accept":"*/*","postman-token":"fdb5d316-d967-4667-ab63-e8f24fcf23f7","host":"localhost:3000","accept-encoding":"gzip, deflate, br","connection":"keep-alive","content-length":"130"}
        Body: {"idObject":{"UserRoleId":"1"},"GraduatingYear":"2026","EmploymentDetail":"Part-Time"}
        Query: {}
    

        Time: 2024-10-26T17:51:35.493Z
        Method: GET
        URL: /api/add/alumni
        Headers: {"content-type":"application/json","user-agent":"PostmanRuntime/7.42.0","accept":"*/*","postman-token":"91d2af13-cd3b-4682-8e77-feaa2cbb6bf4","host":"localhost:3000","accept-encoding":"gzip, deflate, br","connection":"keep-alive","content-length":"130"}
        Body: {"idObject":{"UserRoleId":"1"},"GraduatingYear":"2026","EmploymentDetail":"Part-Time"}
        Query: {}
    

        Time: 2024-10-26T17:51:50.729Z
        Method: GET
        URL: /api/add/alumni
        Headers: {"content-type":"application/json","user-agent":"PostmanRuntime/7.42.0","accept":"*/*","postman-token":"5b4aff19-7696-4ee5-9719-1e2fe326c80a","host":"localhost:3000","accept-encoding":"gzip, deflate, br","connection":"keep-alive","content-length":"130"}
        Body: {"idObject":{"UserRoleId":"1"},"GraduatingYear":"2026","EmploymentDetail":"Part-Time"}
        Query: {}
    

        Time: 2024-10-26T19:53:59.828Z
        Method: POST
        URL: /api/add/user
        Headers: {"content-type":"application/json","user-agent":"PostmanRuntime/7.42.0","accept":"*/*","postman-token":"4b69373a-7d33-4923-a03c-86bcd6b6698a","host":"localhost:3000","accept-encoding":"gzip, deflate, br","connection":"keep-alive","content-length":"107"}
        Body: {"name":"Aashir Adnan","email":"aashiradnan99@gmail.com","phoneNo":"03039389670"}
        Query: {}
    

        Time: 2024-10-26T19:56:10.694Z
        Method: POST
        URL: /api/add/user
        Headers: {"content-type":"application/json","user-agent":"PostmanRuntime/7.42.0","accept":"*/*","postman-token":"1697fa3a-3def-472e-a29a-dce81e7c360e","host":"localhost:3000","accept-encoding":"gzip, deflate, br","connection":"keep-alive","content-length":"107"}
        Body: {"name":"Aashir Adnan","email":"aashiradnan99@gmail.com","phoneNo":"03039389670"}
        Query: {}
    

        Time: 2024-10-26T19:57:04.442Z
        Method: POST
        URL: /api/add/user
        Headers: {"content-type":"application/json","user-agent":"PostmanRuntime/7.42.0","accept":"*/*","postman-token":"715fd7b1-0071-45fc-9492-5e754e9c3a6a","host":"localhost:3000","accept-encoding":"gzip, deflate, br","connection":"keep-alive","content-length":"107"}
        Body: {"name":"Aashir Adnan","email":"aashiradnan99@gmail.com","phoneNo":"03039389670"}
        Query: {}
    

        Time: 2024-10-26T19:58:04.191Z
        Method: POST
        URL: /api/add/user
        Headers: {"content-type":"application/json","user-agent":"PostmanRuntime/7.42.0","accept":"*/*","postman-token":"8502cbe0-273b-4b1c-aa44-6009770eedf8","host":"localhost:3000","accept-encoding":"gzip, deflate, br","connection":"keep-alive","content-length":"107"}
        Body: {"name":"Aashir Adnan","email":"aashiradnan99@gmail.com","phoneNo":"03039389670"}
        Query: {}
    

        Time: 2024-10-26T19:59:46.799Z
        Method: POST
        URL: /api/add/user
        Headers: {"content-type":"application/json","user-agent":"PostmanRuntime/7.42.0","accept":"*/*","postman-token":"a2077fcb-63a8-41cc-90c6-39a3a0bfaed1","host":"localhost:3000","accept-encoding":"gzip, deflate, br","connection":"keep-alive","content-length":"107"}
        Body: {"name":"Aashir Adnan","email":"aashiradnan99@gmail.com","phoneNo":"03039389670"}
        Query: {}
    

        Time: 2024-10-26T20:00:31.503Z
        Method: POST
        URL: /api/add/user
        Headers: {"content-type":"application/json","user-agent":"PostmanRuntime/7.42.0","accept":"*/*","postman-token":"b16c7a3d-604c-4d69-a567-2183723af132","host":"localhost:3000","accept-encoding":"gzip, deflate, br","connection":"keep-alive","content-length":"107"}
        Body: {"name":"Aashir Adnan","email":"aashiradnan99@gmail.com","phoneNo":"03039389670"}
        Query: {}
    

        Time: 2024-10-26T20:06:37.579Z
        Method: GET
        URL: /api/add/user
        Headers: {"content-type":"application/json","user-agent":"PostmanRuntime/7.42.0","accept":"*/*","postman-token":"5c2f7c4a-cf0a-49b7-9d3d-3494baebaa69","host":"localhost:3000","accept-encoding":"gzip, deflate, br","connection":"keep-alive","content-length":"107"}
        Body: {"name":"Aashir Adnan","email":"aashiradnan99@gmail.com","phoneNo":"03039389670"}
        Query: {}
    

        Time: 2024-10-26T20:06:42.616Z
        Method: POST
        URL: /api/add/user
        Headers: {"content-type":"application/json","user-agent":"PostmanRuntime/7.42.0","accept":"*/*","postman-token":"23e19658-f810-49c4-b88f-03695f1c5fc1","host":"localhost:3000","accept-encoding":"gzip, deflate, br","connection":"keep-alive","content-length":"107"}
        Body: {"name":"Aashir Adnan","email":"aashiradnan99@gmail.com","phoneNo":"03039389670"}
        Query: {}
    

        Time: 2024-10-26T20:39:30.500Z
        Method: POST
        URL: /api/add/user
        Headers: {"content-type":"application/json","user-agent":"PostmanRuntime/7.42.0","accept":"*/*","postman-token":"95e2ce36-8e7c-46b2-a862-d99c3a3cd94b","host":"localhost:3000","accept-encoding":"gzip, deflate, br","connection":"keep-alive","content-length":"107"}
        Body: {"name":"Aashir Adnan","email":"aashiradnan99@gmail.com","phoneNo":"03039389670"}
        Query: {}
    
